<?xml version="1.0" encoding="UTF-8"?>
<!-- Generated by org.testng.reporters.JUnitReportReporter -->
<testsuite hostname="Adi-Lapi1987" failures="0" tests="5" name="HTTPMethods.LocalHttpMethods" time="1.205" errors="0" timestamp="2024-02-17T20:49:50 IST" skipped="0">
  <testcase classname="HTTPMethods.LocalHttpMethods" name="getMethod" time="1.017"/>
  <system-out/>
  <testcase classname="HTTPMethods.LocalHttpMethods" name="PostMethod" time="0.057"/>
  <system-out/>
  <testcase classname="HTTPMethods.LocalHttpMethods" name="PutMethod" time="0.045"/>
  <system-out/>
  <testcase classname="HTTPMethods.LocalHttpMethods" name="PatchMethod" time="0.059"/>
  <system-out/>
  <testcase classname="HTTPMethods.LocalHttpMethods" name="DeleteMethod" time="0.027"/>
  <system-out/>
</testsuite> <!-- HTTPMethods.LocalHttpMethods -->
