<?xml version="1.0" encoding="UTF-8"?>
<!-- Generated by org.testng.reporters.JUnitReportReporter -->
<testsuite hostname="Adi-Lapi1987" failures="0" tests="1" name="HTTPMethods.PutExample" time="1.464" errors="0" timestamp="2024-02-17T13:49:31 IST" skipped="0">
  <testcase classname="HTTPMethods.PutExample" name="PutMentod1" time="1.464"/>
  <system-out/>
</testsuite> <!-- HTTPMethods.PutExample -->
