<?xml version="1.0" encoding="UTF-8"?>
<!-- Generated by org.testng.reporters.JUnitReportReporter -->
<testsuite hostname="Adi-Lapi1987" failures="0" tests="1" name="HTTPMethods.DeleteExample" time="1.694" errors="0" timestamp="2024-02-17T16:50:26 IST" skipped="0">
  <testcase classname="HTTPMethods.DeleteExample" name="DeleteMethod" time="1.694"/>
  <system-out/>
</testsuite> <!-- HTTPMethods.DeleteExample -->
