<?xml version="1.0" encoding="UTF-8"?>
<!-- Generated by org.testng.reporters.JUnitReportReporter -->
<testsuite hostname="Adi-Lapi1987" failures="0" tests="3" name="HTTPMethods.GetExample3" time="2.318" errors="0" timestamp="2024-02-17T12:26:32 IST" skipped="0">
  <testcase classname="HTTPMethods.GetExample3" name="getMethod3" time="1.981"/>
  <system-out/>
  <testcase classname="HTTPMethods.GetExample3" name="getMethodTest2" time="0.143"/>
  <system-out/>
  <testcase classname="HTTPMethods.GetExample3" name="getMethodTest1" time="0.194"/>
  <system-out/>
</testsuite> <!-- HTTPMethods.GetExample3 -->
