<?xml version="1.0" encoding="UTF-8"?>
<!-- Generated by org.testng.reporters.JUnitReportReporter -->
<testsuite hostname="Adi-Lapi1987" failures="0" tests="2" name="HTTPMethods.PostExample1" time="1.549" errors="0" timestamp="2024-02-17T13:21:20 IST" skipped="0">
  <testcase classname="HTTPMethods.PostExample1" name="PostMethod1" time="0.009"/>
  <system-out/>
  <testcase classname="HTTPMethods.PostExample1" name="PostMethod2" time="1.540"/>
  <system-out/>
</testsuite> <!-- HTTPMethods.PostExample1 -->
