<?xml version="1.0" encoding="UTF-8"?>
<!-- Generated by org.testng.reporters.JUnitReportReporter -->
<testsuite hostname="Adi-Lapi1987" failures="0" tests="1" name="HTTPMethods.PatchExample" time="1.536" errors="0" timestamp="2024-02-17T15:31:17 IST" skipped="0">
  <testcase classname="HTTPMethods.PatchExample" name="PatchMethod" time="1.536"/>
  <system-out/>
</testsuite> <!-- HTTPMethods.PatchExample -->
